Starting Dynare (version 7.1).
Calling Dynare with arguments: none
Starting preprocessing of the model file ... 
Ramsey Problem: added 41 multipliers. 
Substitution of endo leads >= 2: added 116 auxiliary variables and equations. 
Substitution of endo lags >= 2: added 210 auxiliary variables and equations. 
Found 41 equation(s). 
Found 409 FOC equation(s) for Ramsey Problem. 
Evaluating expressions... 
Computing static model derivatives (order 1). 
Normalizing the static model... 
Normalization failed with cutoff, trying symbolic normalization... 
Finding the optimal block decomposition of the static model... 
59 block(s) found: 
  56 recursive block(s) and 3 simultaneous block(s). 
  the largest simultaneous block has 104 equation(s) 
                                 and 104 feedback variable(s). 
Computing dynamic model derivatives (order 1). 
Normalizing the dynamic model... 
Finding the optimal block decomposition of the dynamic model... 
99 block(s) found: 
  98 recursive block(s) and 1 simultaneous block(s). 
  the largest simultaneous block has 152 equation(s) 
                                 and 152 feedback variable(s). 
Computing planner objective derivatives (order 1). 
Preprocessing completed. 
Preprocessing time: 0h00m02s.

STEADY-STATE RESULTS:

PIE                		 2
PIE4               		 2
Y                  		 0
C                  		 1
RS                 		 3
CUMSUMY            		 0
PGAP               		 0
LOSS               		 0
RR                 		 1
RS10YR             		 4.5
RR4                		 1
LR_GAP             		 0
RR_BAR             		 1
RR_BAR4            		 1
LR                 		 1
LR_BAR             		 1
DRS                		 0
PIE_GAP            		 0
RR_GAP             		 0
RS4                		 3
RS8                		 3
RS20               		 3
RS40               		 3
TERM10YR           		 1.5
RSFED              		 3
X                  		 1
RSFEDGAP           		 0
PIE4EXP4           		 2
PIE4EXP8           		 2
PIE4EXP20          		 2
PIE4EXP40          		 2
RES_PIE4_LOW       		 0
RES_PIE4_HIGH      		 -0.8
SIGNAL_CBP         		 1
UNR                		 5
UNR_GAP            		 0
UNR_BAR            		 5
g_UNR              		 0
DL_GDP             		 0.45
DL4_GDP            		 0.45
DL_GDP_BAR         		 0.45
G_GDP_BAR          		 0.45

Perfect foresight solution found.

Total computing time : 0h00m15s
