Starting Dynare (version 5.4).
Calling Dynare with arguments: none
Starting preprocessing of the model file ...
Substitution of endo leads >= 2: added 3 auxiliary variables and equations.
Substitution of endo lags >= 2: added 2 auxiliary variables and equations.
Found 24 equation(s).
Evaluating expressions...done
Computing static model derivatives (order 1).
Computing dynamic model derivatives (order 1).
Processing outputs ...
done
Preprocessing completed.


STEADY-STATE RESULTS:

PIE               		 2
PIE4              		 2
PIE_EXP           		 2
C                 		 1
SIGNAL_CBP        		 1
RES_PIE4_LOW      		 0
RES_PIE4_HIGH     		 -0.8
Y                 		 0
RS                		 2.5
RR                		 0.5
RR_BAR            		 0.5
RR_GAP            		 0
UNR               		 5.5
UNR_GAP           		 0
UNR_BAR           		 5.5
g_UNR             		 0
DL_GDP            		 2.5
DL_GDP_BAR        		 2.5
G_GDP_BAR         		 2.5
Perfect foresight solution found.

Total computing time : 0h00m00s
