Starting Dynare (version 7.1).
Calling Dynare with arguments: none
Starting preprocessing of the model file ... 
Substitution of endo leads >= 2: added 3 auxiliary variables and equations. 
Substitution of endo lags >= 2: added 2 auxiliary variables and equations. 
Found 24 equation(s). 
Evaluating expressions... 
Computing static model derivatives (order 1). 
Normalizing the static model... 
Finding the optimal block decomposition of the static model... 
13 block(s) found: 
  12 recursive block(s) and 1 simultaneous block(s). 
  the largest simultaneous block has 12 equation(s) 
                                 and 12 feedback variable(s). 
Computing dynamic model derivatives (order 1). 
Normalizing the dynamic model... 
Finding the optimal block decomposition of the dynamic model... 
5 block(s) found: 
  4 recursive block(s) and 1 simultaneous block(s). 
  the largest simultaneous block has 12 equation(s) 
                                 and 12 feedback variable(s). 
Preprocessing completed. 
Preprocessing time: 0h00m00s.

STEADY-STATE RESULTS:

PIE               		 2
PIE4              		 2
PIE_EXP           		 2
C                 		 1
SIGNAL_CBP        		 1
RES_PIE4_LOW      		 0
RES_PIE4_HIGH     		 -0.8
Y                 		 0
RS                		 2.5
RR                		 0.5
RR_BAR            		 0.5
RR_GAP            		 0
UNR               		 5.5
UNR_GAP           		 0
UNR_BAR           		 5.5
g_UNR             		 0
DL_GDP            		 2.5
DL_GDP_BAR        		 2.5
G_GDP_BAR         		 2.5

Perfect foresight solution found.

Total computing time : 0h00m01s
